NOTE: PROCEDURE PRINTTO used (Total process time):
      real time           0.00 seconds
      cpu time            0.00 seconds
      

71         
72         /****************************************************************************
73         *
74         * Project : BIOS 511 Lab 10
75         *
76         * Program name : lab10_730460523.sas
77         *
78         * Author : Katie Chai
79         *
80         * Date created : 2023-10-02
81         *
82         * Purpose : This program is designed to apply the key points of the lecture:
83         * 1) Generating multiple plot types using PROC SGPLOT
84         *
85         * Revision History :
86         *
87         * Note: Standard header taken from :
88         * https://www.phusewiki.org/wiki/index.php?title=Program_Header
89         ****************************************************************************/
90         
91         %put %upcase(no)TE: Program being run by 730460523;
NOTE: Program being run by 730460523
92         options nofullstimer;
93         
94         /* ------------------------LIBNAME------------------------*/
95         * assigns libref for class data;
96         LIBNAME classDat "/home/u63543119/my_shared_file_links/u49231441/Data" access=readonly;
NOTE: Libref CLASSDAT was successfully assigned as follows: 
      Engine:        V9 
      Physical Name: /home/u63543119/my_shared_file_links/u49231441/Data
97         
98         * assigns libref for my data;
99         LIBNAME myDat "/home/u63543119/BIOS511/Data";
NOTE: Libref MYDAT was successfully assigned as follows: 
      Engine:        V9 
      Physical Name: /home/u63543119/BIOS511/Data
100        
101        * create an pdf file that contains selected information below;
102        ods pdf file='/home/u63543119/BIOS511/Output/lab10_730460523.pdf';
NOTE: Writing ODS PDF output to DISK destination "/home/u63543119/BIOS511/Output/lab10_730460523.pdf", printer "PDF".
103        
104        /* ------------------------Question 1------------------------*/
105        * create temp data set from sashelp.failure;
106        data failure;
107        	set sashelp.failure;
108        run;

NOTE: There were 70 observations read from the data set SASHELP.FAILURE.
2                                                          The SAS System                       Monday, October  2, 2023 10:46:56 AM

NOTE: The data set WORK.FAILURE has 70 observations and 4 variables.
NOTE: DATA statement used (Total process time):
      real time           0.00 seconds
      cpu time            0.01 seconds
      

109        
110        * With PROC SGPLOT, create a horizontal bar chart using the sashelp.failure data set;
111        title1 'Horizontal Bar Chart (data=sashelp.failure)';
112        title2 'Category=Cause, Response=Count';
113        PROC SGPLOT data=failure;
114        	hbar cause / response=count stat=sum dataskin=CRISP;
115        run;

NOTE: PROCEDURE SGPLOT used (Total process time):
      real time           0.52 seconds
      cpu time            0.12 seconds
      
NOTE: There were 70 observations read from the data set WORK.FAILURE.

116        
117        /* ------------------------Question 2------------------------*/
118        * create temp data set from sashelp.cars;
119        data cars;
120        	set sashelp.cars;
121        run;

NOTE: There were 428 observations read from the data set SASHELP.CARS.
NOTE: The data set WORK.CARS has 428 observations and 15 variables.
NOTE: DATA statement used (Total process time):
      real time           0.00 seconds
      cpu time            0.00 seconds
      

122        
123        * With PROC SGPLOT, create overlaid vertical bar graphs using the sashelp.cars data set;
124        title1 'Overlaid Vertical Bar Graphs (data=sashelp.cars)';
125        title2 'Category=Type';
126        PROC SGPLOT data=cars;
127        	vbar type / response=msrp stat=sum transparency=0.3;
128        	vbar type / response=invoice stat=sum transparency=0.3 barwidth=0.5;
129        run;

NOTE: PROCEDURE SGPLOT used (Total process time):
      real time           0.19 seconds
      cpu time            0.04 seconds
      
NOTE: There were 428 observations read from the data set WORK.CARS.

130        
131        /* ------------------------Question 3------------------------*/
132        * create temp data set from classDat.vs;
133        data vs;
134        	set classDat.vs;
135        run;

NOTE: There were 15050 observations read from the data set CLASSDAT.VS.
NOTE: The data set WORK.VS has 15050 observations and 13 variables.
3                                                          The SAS System                       Monday, October  2, 2023 10:46:57 AM

NOTE: DATA statement used (Total process time):
      real time           0.01 seconds
      cpu time            0.01 seconds
      

136        
137        * Summarize the vs data set and store the results in a temporary data set;
138        title1 'Summarization / PROC MEANS (data=classDat.vs)';
139        
140        PROC MEANS data=vs noprint nway;
141        	 class vstestcd vstest visitnum visit;
142        	 var vsstresn;
143        	 output out=vs_sum mean=/autoname;
144        run;

NOTE: There were 15050 observations read from the data set WORK.VS.
NOTE: The data set WORK.VS_SUM has 25 observations and 7 variables.
NOTE: PROCEDURE MEANS used (Total process time):
      real time           0.00 seconds
      cpu time            0.02 seconds
      

145        
146        /* ------------------------Question 4------------------------*/
147        * Run a PROC SPLOT step on the data set created in #3;
148        title1 'Overlaid Series and Scatter Plot (data=classDat.vs)';
149        title2 'Y-Axis=Mean Patient Weight';
150        PROC SGPLOT data=vs_sum noautolegend;
151        	where vstestcd = 'WEIGHT';
152        	series x=visit y=vsstresn_mean;
153        	scatter x=visit y=vsstresn_mean / markerattrs = (color=blue symbol=diamondFilled size=10);
154        	yaxis values=(69.8 to 70.7 by 0.1);
155        	label vsstresn_mean = 'Patient Weight';
156        run;

NOTE: PROCEDURE SGPLOT used (Total process time):
      real time           0.15 seconds
      cpu time            0.04 seconds
      
NOTE: There were 6 observations read from the data set WORK.VS_SUM.
      WHERE vstestcd='WEIGHT';

157        
158        /* ------------------------CLOSING------------------------*/
159        ods pdf close;
NOTE: ODS PDF printed 3 pages to /home/u63543119/BIOS511/Output/lab10_730460523.pdf.
160        
161        proc printto; run;

